<?xml version="1.0" encoding="utf-8"?><testsuites name="pytest tests"><testsuite name="pytest" errors="0" failures="0" skipped="0" tests="6" time="1.342" timestamp="2026-07-14T05:28:17.265843+00:00" hostname="agent-env-4ea41eeb-94a5-4e88-8fb0-d7ad6a742176"><testcase classname="tests.backend_test.TestWaitlist" name="test_waitlist_count_returns_integer" time="0.248" /><testcase classname="tests.backend_test.TestRoot" name="test_root_returns_vcharo_tagline" time="0.235" /><testcase classname="tests.backend_test.TestWaitlist" name="test_waitlist_post_new_email" time="0.167" /><testcase classname="tests.backend_test.TestWaitlist" name="test_waitlist_duplicate_email_idempotent" time="0.088" /><testcase classname="tests.backend_test.TestWaitlist" name="test_waitlist_rejects_invalid_role" time="0.042" /><testcase classname="tests.backend_test.TestWaitlist" name="test_waitlist_rejects_bad_email" time="0.045" /></testsuite></testsuites>